# JRE version: OpenJDK Runtime Environment (8.0_222-b10) (build 1.8.0_222-8u222-b10-1ubuntu1~16.04.1-b10)
# Java VM: OpenJDK 64-Bit Server VM (25.222-b10 mixed mode linux-amd64 compressed oops)
Heap:
 def new generation   total 131968K, used 0K [0x00000000c0000000, 0x00000000c8f30000, 0x00000000d5550000)
  eden space 117312K,   0% used [0x00000000c0000000, 0x00000000c0000000, 0x00000000c7290000)
  from space 14656K,   0% used [0x00000000c7290000, 0x00000000c7290000, 0x00000000c80e0000)
  to   space 14656K,   0% used [0x00000000c80e0000, 0x00000000c80e0000, 0x00000000c8f30000)
 tenured generation   total 295468K, used 268437K [0x00000000d5550000, 0x00000000e75db000, 0x0000000100000000)
   the space 295468K,  90% used [0x00000000d5550000, 0x00000000e5b75648, 0x00000000e5b75800, 0x00000000e75db000)
 Metaspace       used 69820K, capacity 71134K, committed 71384K, reserved 1110016K
  class space    used 9723K, capacity 9902K, committed 9944K, reserved 1048576K
GC Heap History (10 events):
Event: 82.838 GC heap after
Heap after GC invocations=1175 (full 12):
 def new generation   total 131968K, used 3K [0x00000000c0000000, 0x00000000c8f30000, 0x00000000d5550000)
  eden space 117312K,   0% used [0x00000000c0000000, 0x00000000c0000000, 0x00000000c7290000)
  from space 14656K,   0% used [0x00000000c80e0000, 0x00000000c80e0d60, 0x00000000c8f30000)
  to   space 14656K,   0% used [0x00000000c7290000, 0x00000000c7290000, 0x00000000c80e0000)
 tenured generation   total 293164K, used 288139K [0x00000000d5550000, 0x00000000e739b000, 0x0000000100000000)
   the space 293164K,  98% used [0x00000000d5550000, 0x00000000e6eb2e50, 0x00000000e6eb3000, 0x00000000e739b000)
 Metaspace       used 69820K, capacity 71134K, committed 71384K, reserved 1110016K
  class space    used 9723K, capacity 9902K, committed 9944K, reserved 1048576K
}
Event: 82.946 GC heap before
{Heap before GC invocations=1175 (full 12):
 def new generation   total 131968K, used 117315K [0x00000000c0000000, 0x00000000c8f30000, 0x00000000d5550000)
  eden space 117312K, 100% used [0x00000000c0000000, 0x00000000c7290000, 0x00000000c7290000)
  from space 14656K,   0% used [0x00000000c80e0000, 0x00000000c80e0d60, 0x00000000c8f30000)
  to   space 14656K,   0% used [0x00000000c7290000, 0x00000000c7290000, 0x00000000c80e0000)
 tenured generation   total 293164K, used 288139K [0x00000000d5550000, 0x00000000e739b000, 0x0000000100000000)
   the space 293164K,  98% used [0x00000000d5550000, 0x00000000e6eb2e50, 0x00000000e6eb3000, 0x00000000e739b000)
 Metaspace       used 69820K, capacity 71134K, committed 71384K, reserved 1110016K
  class space    used 9723K, capacity 9902K, committed 9944K, reserved 1048576K
Event: 82.948 GC heap after
Heap after GC invocations=1176 (full 12):
 def new generation   total 131968K, used 3K [0x00000000c0000000, 0x00000000c8f30000, 0x00000000d5550000)
  eden space 117312K,   0% used [0x00000000c0000000, 0x00000000c0000000, 0x00000000c7290000)
  from space 14656K,   0% used [0x00000000c7290000, 0x00000000c7290c78, 0x00000000c80e0000)
  to   space 14656K,   0% used [0x00000000c80e0000, 0x00000000c80e0000, 0x00000000c8f30000)
 tenured generation   total 293164K, used 288139K [0x00000000d5550000, 0x00000000e739b000, 0x0000000100000000)
   the space 293164K,  98% used [0x00000000d5550000, 0x00000000e6eb2e68, 0x00000000e6eb3000, 0x00000000e739b000)
 Metaspace       used 69820K, capacity 71134K, committed 71384K, reserved 1110016K
  class space    used 9723K, capacity 9902K, committed 9944K, reserved 1048576K
}
Event: 83.055 GC heap before
{Heap before GC invocations=1176 (full 12):
 def new generation   total 131968K, used 117315K [0x00000000c0000000, 0x00000000c8f30000, 0x00000000d5550000)
  eden space 117312K, 100% used [0x00000000c0000000, 0x00000000c7290000, 0x00000000c7290000)
  from space 14656K,   0% used [0x00000000c7290000, 0x00000000c7290c78, 0x00000000c80e0000)
  to   space 14656K,   0% used [0x00000000c80e0000, 0x00000000c80e0000, 0x00000000c8f30000)
 tenured generation   total 293164K, used 288139K [0x00000000d5550000, 0x00000000e739b000, 0x0000000100000000)
   the space 293164K,  98% used [0x00000000d5550000, 0x00000000e6eb2e68, 0x00000000e6eb3000, 0x00000000e739b000)
 Metaspace       used 69820K, capacity 71134K, committed 71384K, reserved 1110016K
  class space    used 9723K, capacity 9902K, committed 9944K, reserved 1048576K
Event: 83.057 GC heap after
Heap after GC invocations=1177 (full 12):
 def new generation   total 131968K, used 3K [0x00000000c0000000, 0x00000000c8f30000, 0x00000000d5550000)
  eden space 117312K,   0% used [0x00000000c0000000, 0x00000000c0000000, 0x00000000c7290000)
  from space 14656K,   0% used [0x00000000c80e0000, 0x00000000c80e0ed8, 0x00000000c8f30000)
  to   space 14656K,   0% used [0x00000000c7290000, 0x00000000c7290000, 0x00000000c80e0000)
 tenured generation   total 293164K, used 288139K [0x00000000d5550000, 0x00000000e739b000, 0x0000000100000000)
   the space 293164K,  98% used [0x00000000d5550000, 0x00000000e6eb2e68, 0x00000000e6eb3000, 0x00000000e739b000)
 Metaspace       used 69820K, capacity 71134K, committed 71384K, reserved 1110016K
  class space    used 9723K, capacity 9902K, committed 9944K, reserved 1048576K
}
Event: 83.166 GC heap before
{Heap before GC invocations=1177 (full 12):
 def new generation   total 131968K, used 117315K [0x00000000c0000000, 0x00000000c8f30000, 0x00000000d5550000)
  eden space 117312K, 100% used [0x00000000c0000000, 0x00000000c7290000, 0x00000000c7290000)
  from space 14656K,   0% used [0x00000000c80e0000, 0x00000000c80e0ed8, 0x00000000c8f30000)
  to   space 14656K,   0% used [0x00000000c7290000, 0x00000000c7290000, 0x00000000c80e0000)
 tenured generation   total 293164K, used 288139K [0x00000000d5550000, 0x00000000e739b000, 0x0000000100000000)
   the space 293164K,  98% used [0x00000000d5550000, 0x00000000e6eb2e68, 0x00000000e6eb3000, 0x00000000e739b000)
 Metaspace       used 69820K, capacity 71134K, committed 71384K, reserved 1110016K
  class space    used 9723K, capacity 9902K, committed 9944K, reserved 1048576K
Event: 83.168 GC heap after
Heap after GC invocations=1178 (full 12):
 def new generation   total 131968K, used 3K [0x00000000c0000000, 0x00000000c8f30000, 0x00000000d5550000)
  eden space 117312K,   0% used [0x00000000c0000000, 0x00000000c0000000, 0x00000000c7290000)
  from space 14656K,   0% used [0x00000000c7290000, 0x00000000c7290c90, 0x00000000c80e0000)
  to   space 14656K,   0% used [0x00000000c80e0000, 0x00000000c80e0000, 0x00000000c8f30000)
 tenured generation   total 293164K, used 288139K [0x00000000d5550000, 0x00000000e739b000, 0x0000000100000000)
   the space 293164K,  98% used [0x00000000d5550000, 0x00000000e6eb2e80, 0x00000000e6eb3000, 0x00000000e739b000)
 Metaspace       used 69820K, capacity 71134K, committed 71384K, reserved 1110016K
  class space    used 9723K, capacity 9902K, committed 9944K, reserved 1048576K
}
Event: 83.275 GC heap before
{Heap before GC invocations=1178 (full 12):
 def new generation   total 131968K, used 117315K [0x00000000c0000000, 0x00000000c8f30000, 0x00000000d5550000)
  eden space 117312K, 100% used [0x00000000c0000000, 0x00000000c7290000, 0x00000000c7290000)
  from space 14656K,   0% used [0x00000000c7290000, 0x00000000c7290c90, 0x00000000c80e0000)
  to   space 14656K,   0% used [0x00000000c80e0000, 0x00000000c80e0000, 0x00000000c8f30000)
 tenured generation   total 293164K, used 288139K [0x00000000d5550000, 0x00000000e739b000, 0x0000000100000000)
   the space 293164K,  98% used [0x00000000d5550000, 0x00000000e6eb2e80, 0x00000000e6eb3000, 0x00000000e739b000)
 Metaspace       used 69820K, capacity 71134K, committed 71384K, reserved 1110016K
  class space    used 9723K, capacity 9902K, committed 9944K, reserved 1048576K
Event: 83.277 GC heap after
Heap after GC invocations=1179 (full 12):
 def new generation   total 131968K, used 3K [0x00000000c0000000, 0x00000000c8f30000, 0x00000000d5550000)
  eden space 117312K,   0% used [0x00000000c0000000, 0x00000000c0000000, 0x00000000c7290000)
  from space 14656K,   0% used [0x00000000c80e0000, 0x00000000c80e0d58, 0x00000000c8f30000)
  to   space 14656K,   0% used [0x00000000c7290000, 0x00000000c7290000, 0x00000000c80e0000)
 tenured generation   total 293164K, used 288139K [0x00000000d5550000, 0x00000000e739b000, 0x0000000100000000)
   the space 293164K,  98% used [0x00000000d5550000, 0x00000000e6eb2e80, 0x00000000e6eb3000, 0x00000000e739b000)
 Metaspace       used 69820K, capacity 71134K, committed 71384K, reserved 1110016K
  class space    used 9723K, capacity 9902K, committed 9944K, reserved 1048576K
}
Event: 83.399 GC heap before
{Heap before GC invocations=1179 (full 12):
 def new generation   total 131968K, used 117315K [0x00000000c0000000, 0x00000000c8f30000, 0x00000000d5550000)
  eden space 117312K, 100% used [0x00000000c0000000, 0x00000000c7290000, 0x00000000c7290000)
  from space 14656K,   0% used [0x00000000c80e0000, 0x00000000c80e0d58, 0x00000000c8f30000)
  to   space 14656K,   0% used [0x00000000c7290000, 0x00000000c7290000, 0x00000000c80e0000)
 tenured generation   total 293164K, used 288139K [0x00000000d5550000, 0x00000000e739b000, 0x0000000100000000)
   the space 293164K,  98% used [0x00000000d5550000, 0x00000000e6eb2e80, 0x00000000e6eb3000, 0x00000000e739b000)
 Metaspace       used 69820K, capacity 71134K, committed 71384K, reserved 1110016K
  class space    used 9723K, capacity 9902K, committed 9944K, reserved 1048576K

